
ROM used:   1680/8192 (21%)
            1680/8192 (21%) including unused fragments

            1.4 Average locations per line
            13.9 Average locations per statement

RAM used:   27/368 (7%) at main() level
            53/368 (14%) worst case

Stack used: 5 worst case (5 in main + 0 for interrupts)
Stack size: 8

Lines Stmts  %   Files
----- ----- ---  -----
   74    37  31  main.c
  671     0   0  D:\Program Files (x86)\PICC\Devices\16F877A.h
  456    84  69  D:\Program Files (x86)\PICC\Drivers\lcd.c
----- -----
 1201   121 Total

Page ROM  %  RAM   Vol Diff  Functions:
---- --- --- ---   --- ----  ----------
0     21   1    1             @delay_ms1
 Inline         3   596  5.9  lcd_read_byte
0      6   0    0    59  4.2  lcd_read_nibble
0     12   1    1   179  3.3  lcd_send_nibble
0     64   4    3   460  4.7  lcd_send_byte
0     62   4    6   814  7.2  lcd_init
0     18   1    4   208  6.3  lcd_gotoxy
0     44   3    1   354  4.7  lcd_putc
0     84   5    3             @I2C_READ_1
0     92   5    1             @I2C_WRITE_1
0    755  45   12   626  4.8  readTemp
0     29   2    2             @ITOF
 Inline        10             @FLT
 Inline        16             @ADDFF
0     69   4    4   295  2.2  MAIN
 Inline        13             @MULFF
 Inline         5             @FTOSD
0     79   5   13             @DIV3232
0    341  20   13             @PRINTF_L32D_647FPFPF
 Inline         0             @cinit1

Program metrics:
    Functions               9
    Statements              121
    Comments                219
    Volume (V)              5562
    Difficulty (D)          40.5
    Effort to implement (E) 225532
    Time to implement (T)   3 hours, 29 minutes
    Est Delivered Bugs (B)  1
    Cyclomatic Complexity   9
    Maintainability (MI)    144

 Segment     Used  Free
-----------  ----  ----
00000-00003     4  0  
00004-007FF  1676  368  
00800-00FFF     0  2048  
01000-017FF     0  2048  
01800-01FFF     0  2048  



