
ROM used:   142/8192 (2%)
            142/8192 (2%) including unused fragments

            0.2 Average locations per line
            2.5 Average locations per statement

RAM used:   6/368 (2%) at main() level
            7/368 (2%) worst case

Stack used: 2 worst case (2 in main + 0 for interrupts)
Stack size: 8

Lines Stmts  %   Files
----- ----- ---  -----
   97    57 100  main.c
  671     0   0  D:\Program Files (x86)\PICC\Devices\16F877A.h
----- -----
  768    57 Total

Page ROM  %  RAM   Vol Diff  Functions:
---- --- --- ---   --- ----  ----------
0     21  15    1             @delay_ms1
0     75  53    0   996  2.9  keypad_read
0     42  30    0   277  2.8  MAIN
 Inline         0             @cinit1

Program metrics:
    Functions               2
    Statements              57
    Comments                119
    Volume (V)              1457
    Difficulty (D)          5.6
    Effort to implement (E) 8216
    Time to implement (T)   8 minutes
    Est Delivered Bugs (B)  0
    Cyclomatic Complexity   9
    Maintainability (MI)    53

 Segment     Used  Free
-----------  ----  ----
00000-00003     4  0  
00004-007FF   138  1906  
00800-00FFF     0  2048  
01000-017FF     0  2048  
01800-01FFF     0  2048  



