
ROM used:   110/8192 (1%)
            110/8192 (1%) including unused fragments

            0.2 Average locations per line
            8.5 Average locations per statement

RAM used:   8/368 (2%) at main() level
            9/368 (2%) worst case

Stack used: 1 worst case (1 in main + 0 for interrupts)
Stack size: 8

Lines Stmts  %   Files
----- ----- ---  -----
   40    13 100  main.c
  671     0   0  D:\Program Files (x86)\PICC\Devices\16F877A.h
----- -----
  711    13 Total

Page ROM  %  RAM   Vol Diff  Functions:
---- --- --- ---   --- ----  ----------
0     67  61    1   285  2.8  main
0     39  35    2             @MUL88
 Inline         0             @cinit1

Program metrics:
    Functions               1
    Statements              13
    Comments                119
    Volume (V)              290
    Difficulty (D)          2.6
    Effort to implement (E) 753
    Time to implement (T)   1 minutes
    Est Delivered Bugs (B)  0
    Cyclomatic Complexity   1
    Maintainability (MI)    53

 Segment     Used  Free
-----------  ----  ----
00000-00003     4  0  
00004-007FF   106  1938  
00800-00FFF     0  2048  
01000-017FF     0  2048  
01800-01FFF     0  2048  



