
ROM used:   129/8192 (2%)
            129/8192 (2%) including unused fragments

            0.2 Average locations per line
            4.4 Average locations per statement

RAM used:   12/368 (3%) at main() level
            12/368 (3%) worst case

Stack used: 1 worst case (1 in main + 0 for interrupts)
Stack size: 8

Lines Stmts  %   Files
----- ----- ---  -----
   52    29 100  main.c
  671     0   0  D:\Program Files (x86)\PICC\Devices\16F877A.h
----- -----
  723    29 Total

Page ROM  %  RAM   Vol Diff  Functions:
---- --- --- ---   --- ----  ----------
0     21  16    1             @delay_ms1
0    104  81    1   702  5.8  main
 Inline         0             @cinit1

Program metrics:
    Functions               1
    Statements              29
    Comments                119
    Volume (V)              707
    Difficulty (D)          5.6
    Effort to implement (E) 3929
    Time to implement (T)   4 minutes
    Est Delivered Bugs (B)  0
    Cyclomatic Complexity   4
    Maintainability (MI)    35

 Segment     Used  Free
-----------  ----  ----
00000-00003     4  0  
00004-007FF   125  1919  
00800-00FFF     0  2048  
01000-017FF     0  2048  
01800-01FFF     0  2048  



