
ROM used:   1426/8192 (17%)
            1426/8192 (17%) including unused fragments

            0.9 Average locations per line
            5.5 Average locations per statement

RAM used:   27/368 (7%) at main() level
            52/368 (14%) worst case

Stack used: 3 worst case (3 in main + 0 for interrupts)
Stack size: 8

Lines Stmts  %   Files
----- ----- ---  -----
   46    20   8  main.c
  671     0   0  D:\Program Files (x86)\PICC\Devices\16F877A.h
  356    76  29  D:\Program Files (x86)\PICC\Drivers\HDM64GS12.c
  540   163  63  D:\Program Files (x86)\PICC\Drivers\graphics.c
----- -----
 1613   259 Total

Page ROM  %  RAM   Vol Diff  Functions:
---- --- --- ---   --- ----  ----------
0     21   1    1             @delay_ms1
0    141  10    1   555  3.4  glcd_init
0    118   8    7   779  7.2  glcd_pixel
 Inline         4   506  4.8  glcd_fillScreen
0     37   3    2             @MUL88
0     43   3    2   307  2.8  glcd_writeByte
0     45   3    2   318  2.8  glcd_readByte
0    262  18    0             @const644
0    224  16    0             @const648
0    182  13   17  1519  9.2  glcd_line
0    214  15   20  1587 11.7  glcd_text57
0    135   9    1   679  2.4  MAIN
 Inline         0             @cinit1

Program metrics:
    Functions               8
    Statements              259
    Comments                458
    Volume (V)              9085
    Difficulty (D)          43.7
    Effort to implement (E) 396881
    Time to implement (T)   6 hours, 7 minutes
    Est Delivered Bugs (B)  2
    Cyclomatic Complexity   25
    Maintainability (MI)    40

 Segment     Used  Free
-----------  ----  ----
00000-00003     4  0  
00004-007FF  1422  622  
00800-00FFF     0  2048  
01000-017FF     0  2048  
01800-01FFF     0  2048  



