
ROM used:   130/8192 (2%)
            130/8192 (2%) including unused fragments

            0.2 Average locations per line
            5.0 Average locations per statement

RAM used:   13/368 (4%) at main() level
            13/368 (4%) worst case

Stack used: 1 worst case (0 in main + 1 for interrupts)
Stack size: 8

Lines Stmts  %   Files
----- ----- ---  -----
   62    26 100  main.c
  671     0   0  D:\Program Files (x86)\PICC\Devices\16F877A.h
----- -----
  733    26 Total

Page ROM  %  RAM   Vol Diff  Functions:
---- --- --- ---   --- ----  ----------
0     11   8    0    72  2.7  increasing
0     12   9    0    72  2.7  decreasing
0     49  38    0   402  2.8  MAIN
 Inline         0             @cinit1

Program metrics:
    Functions               3
    Statements              26
    Comments                119
    Volume (V)              687
    Difficulty (D)          8.8
    Effort to implement (E) 6014
    Time to implement (T)   6 minutes
    Est Delivered Bugs (B)  0
    Cyclomatic Complexity   2
    Maintainability (MI)    91

 Segment     Used  Free
-----------  ----  ----
00000-00003     4  0  
00004-00039    54  0  
0003A-007FF    72  1918  
00800-00FFF     0  2048  
01000-017FF     0  2048  
01800-01FFF     0  2048  



