
ROM used:   142/8192 (2%)
            142/8192 (2%) including unused fragments

            0.2 Average locations per line
            4.7 Average locations per statement

RAM used:   15/368 (4%) at main() level
            15/368 (4%) worst case

Stack used: 1 worst case (0 in main + 1 for interrupts)
Stack size: 8

Lines Stmts  %   Files
----- ----- ---  -----
   54    30 100  main.c
  671     0   0  D:\Program Files (x86)\PICC\Devices\16F877A.h
----- -----
  725    30 Total

Page ROM  %  RAM   Vol Diff  Functions:
---- --- --- ---   --- ----  ----------
0     13   9    0    92  2.9  timer0interrupt
0     82  58    0   598  4.8  MAIN
 Inline         0             @cinit1

Program metrics:
    Functions               2
    Statements              30
    Comments                121
    Volume (V)              777
    Difficulty (D)          7.8
    Effort to implement (E) 6055
    Time to implement (T)   6 minutes
    Est Delivered Bugs (B)  0
    Cyclomatic Complexity   3
    Maintainability (MI)    71

 Segment     Used  Free
-----------  ----  ----
00000-00003     4  0  
00004-0002E    43  0  
0002F-007FF    95  1906  
00800-00FFF     0  2048  
01000-017FF     0  2048  
01800-01FFF     0  2048  



