
ROM used:   182/8192 (2%)
            182/8192 (2%) including unused fragments

            0.3 Average locations per line
            15.2 Average locations per statement

RAM used:   6/368 (2%) at main() level
            10/368 (3%) worst case

Stack used: 1 worst case (1 in main + 0 for interrupts)
Stack size: 8

Lines Stmts  %   Files
----- ----- ---  -----
   39    12 100  main.c
  671     0   0  D:\Program Files (x86)\PICC\Devices\16F877A.h
----- -----
  710    12 Total

Page ROM  %  RAM   Vol Diff  Functions:
---- --- --- ---   --- ----  ----------
0     59  32    0   255  2.7  main
0      4   2    0             @const628
0     90  49    4             @PSTRINGC7_9600_62_63
0     25  14    2             @PSTRINGR_9600_62_63
 Inline         0             @cinit1

Program metrics:
    Functions               1
    Statements              12
    Comments                119
    Volume (V)              264
    Difficulty (D)          2.3
    Effort to implement (E) 606
    Time to implement (T)   1 minutes
    Est Delivered Bugs (B)  0
    Cyclomatic Complexity   1
    Maintainability (MI)    55

 Segment     Used  Free
-----------  ----  ----
00000-00003     4  0  
00004-007FF   178  1866  
00800-00FFF     0  2048  
01000-017FF     0  2048  
01800-01FFF     0  2048  



