
ROM used:   699/8192 (9%)
            699/8192 (9%) including unused fragments

            0.6 Average locations per line
            7.1 Average locations per statement

RAM used:   21/368 (6%) at main() level
            34/368 (9%) worst case

Stack used: 5 worst case (5 in main + 0 for interrupts)
Stack size: 8

Lines Stmts  %   Files
----- ----- ---  -----
   33    14  14  main.c
  671     0   0  D:\Program Files (x86)\PICC\Devices\16F877A.h
  456    84  86  D:\Program Files (x86)\PICC\Drivers\lcd.c
----- -----
 1160    98 Total

Page ROM  %  RAM   Vol Diff  Functions:
---- --- --- ---   --- ----  ----------
0     20   3    1             @delay_ms1
 Inline         3   596  5.9  lcd_read_byte
0      6   1    0    59  4.2  lcd_read_nibble
0     13   2    1   179  3.3  lcd_send_nibble
0     64   9    3   460  4.7  lcd_send_byte
0     62   9    6   814  7.2  lcd_init
0     18   3    4   208  6.3  lcd_gotoxy
0     44   6    1   354  4.7  lcd_putc
0    199  28    2   479  5.1  MAIN
0     31   4    2             @ITOF
0    119  17   13             @MULFF
0     33   5    4             @SFTOI
0     62   9    6             @DIVS1616
0     24   3    2             @PSTRINGR_647
 Inline         0             @cinit1

Program metrics:
    Functions               8
    Statements              98
    Comments                228
    Volume (V)              4770
    Difficulty (D)          39.5
    Effort to implement (E) 188557
    Time to implement (T)   2 hours, 55 minutes
    Est Delivered Bugs (B)  1
    Cyclomatic Complexity   8
    Maintainability (MI)    143

 Segment     Used  Free
-----------  ----  ----
00000-00003     4  0  
00004-007FF   695  1349  
00800-00FFF     0  2048  
01000-017FF     0  2048  
01800-01FFF     0  2048  



